-------------------------------------------------------------------------------
Test set: com.stackroute.maverick.AppTest
-------------------------------------------------------------------------------
Tests run: 1, Failures: 0, Errors: 1, Skipped: 0, Time elapsed: 4.248 s <<< FAILURE! - in com.stackroute.maverick.AppTest
contextLoads(com.stackroute.maverick.AppTest)  Time elapsed: 0.005 s  <<< ERROR!
java.lang.IllegalStateException: Failed to load ApplicationContext
Caused by: org.springframework.beans.factory.BeanCreationException: Error creating bean with name 'kafkaRecieverConfig': Injection of autowired dependencies failed; nested exception is java.lang.IllegalArgumentException: Could not resolve placeholder 'kafka.bootstrap-servers' in value "${kafka.bootstrap-servers}"
Caused by: java.lang.IllegalArgumentException: Could not resolve placeholder 'kafka.bootstrap-servers' in value "${kafka.bootstrap-servers}"

